<?xml version="1.0" encoding="UTF-8"?>
<testsuite name="com.study.juhee.stringboot.web.IndexControllerTest" tests="1" skipped="0" failures="0" errors="0" timestamp="2021-01-15T07:27:30" hostname="DESKTOP-A8361SB" time="0.449">
  <properties/>
  <testcase name="메인페이디_로딩" classname="com.study.juhee.stringboot.web.IndexControllerTest" time="0.449"/>
  <system-out><![CDATA[2021-01-15 16:27:25.203  INFO 16148 --- [    Test worker] .b.t.c.SpringBootTestContextBootstrapper : Neither @ContextConfiguration nor @ContextHierarchy found for test class [com.study.juhee.stringboot.web.IndexControllerTest], using SpringBootContextLoader
2021-01-15 16:27:25.205  INFO 16148 --- [    Test worker] o.s.t.c.support.AbstractContextLoader    : Could not detect default resource locations for test class [com.study.juhee.stringboot.web.IndexControllerTest]: no resource found for suffixes {-context.xml, Context.groovy}.
2021-01-15 16:27:25.206  INFO 16148 --- [    Test worker] t.c.s.AnnotationConfigContextLoaderUtils : Could not detect default configuration classes for test class [com.study.juhee.stringboot.web.IndexControllerTest]: IndexControllerTest does not declare any static, non-private, non-final, nested classes annotated with @Configuration.
2021-01-15 16:27:25.210  INFO 16148 --- [    Test worker] .b.t.c.SpringBootTestContextBootstrapper : Found @SpringBootConfiguration com.study.juhee.stringboot.Application for test class com.study.juhee.stringboot.web.IndexControllerTest
2021-01-15 16:27:25.213  INFO 16148 --- [    Test worker] .b.t.c.SpringBootTestContextBootstrapper : Loaded default TestExecutionListener class names from location [META-INF/spring.factories]: [org.springframework.security.test.context.support.WithSecurityContextTestExecutionListener, org.springframework.security.test.context.support.ReactorContextTestExecutionListener, org.springframework.boot.test.autoconfigure.restdocs.RestDocsTestExecutionListener, org.springframework.boot.test.autoconfigure.web.client.MockRestServiceServerResetTestExecutionListener, org.springframework.boot.test.autoconfigure.web.servlet.MockMvcPrintOnlyOnFailureTestExecutionListener, org.springframework.boot.test.autoconfigure.web.servlet.WebDriverTestExecutionListener, org.springframework.boot.test.mock.mockito.MockitoTestExecutionListener, org.springframework.boot.test.mock.mockito.ResetMocksTestExecutionListener, org.springframework.test.context.web.ServletTestExecutionListener, org.springframework.test.context.support.DirtiesContextBeforeModesTestExecutionListener, org.springframework.test.context.support.DependencyInjectionTestExecutionListener, org.springframework.test.context.support.DirtiesContextTestExecutionListener, org.springframework.test.context.transaction.TransactionalTestExecutionListener, org.springframework.test.context.jdbc.SqlScriptsTestExecutionListener]
2021-01-15 16:27:25.216  INFO 16148 --- [    Test worker] .b.t.c.SpringBootTestContextBootstrapper : Using TestExecutionListeners: [org.springframework.test.context.web.ServletTestExecutionListener@4d647443, org.springframework.test.context.support.DirtiesContextBeforeModesTestExecutionListener@2041dba4, org.springframework.boot.test.mock.mockito.MockitoTestExecutionListener@4f55a218, org.springframework.boot.test.autoconfigure.SpringBootDependencyInjectionTestExecutionListener@5e28ed7f, org.springframework.test.context.support.DirtiesContextTestExecutionListener@30004c95, org.springframework.test.context.transaction.TransactionalTestExecutionListener@1e323dca, org.springframework.test.context.jdbc.SqlScriptsTestExecutionListener@7c951976, org.springframework.security.test.context.support.WithSecurityContextTestExecutionListener@65cf508e, org.springframework.security.test.context.support.ReactorContextTestExecutionListener@5719cc46, org.springframework.boot.test.autoconfigure.restdocs.RestDocsTestExecutionListener@584a7702, org.springframework.boot.test.autoconfigure.web.client.MockRestServiceServerResetTestExecutionListener@c409bd4, org.springframework.boot.test.autoconfigure.web.servlet.MockMvcPrintOnlyOnFailureTestExecutionListener@1394e1f2, org.springframework.boot.test.autoconfigure.web.servlet.WebDriverTestExecutionListener@a76643a, org.springframework.boot.test.mock.mockito.ResetMocksTestExecutionListener@10fe011]

  .   ____          _            __ _ _
 /\\ / ___'_ __ _ _(_)_ __  __ _ \ \ \ \
( ( )\___ | '_ | '_| | '_ \/ _` | \ \ \ \
 \\/  ___)| |_)| | | | | || (_| |  ) ) ) )
  '  |____| .__|_| |_|_| |_\__, | / / / /
 =========|_|==============|___/=/_/_/_/
 :: Spring Boot ::        (v2.1.7.RELEASE)

2021-01-15 16:27:25.317  INFO 16148 --- [    Test worker] c.s.j.s.web.IndexControllerTest          : Starting IndexControllerTest on DESKTOP-A8361SB with PID 16148 (started by JH in C:\WorkSpace_IJ\study\juhee-study-web01)
2021-01-15 16:27:25.318  INFO 16148 --- [    Test worker] c.s.j.s.web.IndexControllerTest          : No active profile set, falling back to default profiles: default
2021-01-15 16:27:25.785  INFO 16148 --- [    Test worker] .s.d.r.c.RepositoryConfigurationDelegate : Bootstrapping Spring Data repositories in DEFAULT mode.
2021-01-15 16:27:25.850  INFO 16148 --- [    Test worker] .s.d.r.c.RepositoryConfigurationDelegate : Finished Spring Data repository scanning in 65ms. Found 2 repository interfaces.
2021-01-15 16:27:26.111  INFO 16148 --- [    Test worker] trationDelegate$BeanPostProcessorChecker : Bean 'org.springframework.transaction.annotation.ProxyTransactionManagementConfiguration' of type [org.springframework.transaction.annotation.ProxyTransactionManagementConfiguration$$EnhancerBySpringCGLIB$$aec86385] is not eligible for getting processed by all BeanPostProcessors (for example: not eligible for auto-proxying)
2021-01-15 16:27:26.827  INFO 16148 --- [    Test worker] o.s.b.w.embedded.tomcat.TomcatWebServer  : Tomcat initialized with port(s): 0 (http)
2021-01-15 16:27:26.890  INFO 16148 --- [    Test worker] o.apache.catalina.core.StandardService   : Starting service [Tomcat]
2021-01-15 16:27:26.890  INFO 16148 --- [    Test worker] org.apache.catalina.core.StandardEngine  : Starting Servlet engine: [Apache Tomcat/9.0.22]
2021-01-15 16:27:27.224  INFO 16148 --- [    Test worker] o.a.c.c.C.[Tomcat].[localhost].[/]       : Initializing Spring embedded WebApplicationContext
2021-01-15 16:27:27.224  INFO 16148 --- [    Test worker] o.s.web.context.ContextLoader            : Root WebApplicationContext: initialization completed in 1900 ms
2021-01-15 16:27:27.594  INFO 16148 --- [    Test worker] com.zaxxer.hikari.HikariDataSource       : HikariPool-2 - Starting...
2021-01-15 16:27:27.598  INFO 16148 --- [    Test worker] com.zaxxer.hikari.HikariDataSource       : HikariPool-2 - Start completed.
2021-01-15 16:27:27.698  INFO 16148 --- [    Test worker] o.hibernate.jpa.internal.util.LogHelper  : HHH000204: Processing PersistenceUnitInfo [
	name: default
	...]
2021-01-15 16:27:27.730  INFO 16148 --- [    Test worker] org.hibernate.dialect.Dialect            : HHH000400: Using dialect: org.hibernate.dialect.MySQL5InnoDBDialect
Hibernate: drop table if exists posts
Hibernate: drop table if exists user
Hibernate: create table posts (id bigint not null auto_increment, created_date datetime, modified_date datetime, author varchar(255), content TEXT not null, title varchar(500) not null, primary key (id)) engine=InnoDB
Hibernate: create table user (id bigint not null auto_increment, created_date datetime, modified_date datetime, email varchar(255) not null, name varchar(255) not null, picture varchar(255), role varchar(255) not null, primary key (id)) engine=InnoDB
2021-01-15 16:27:27.846  INFO 16148 --- [    Test worker] o.h.t.schema.internal.SchemaCreatorImpl  : HHH000476: Executing import script 'org.hibernate.tool.schema.internal.exec.ScriptSourceInputNonExistentImpl@6996b6e8'
2021-01-15 16:27:27.847  INFO 16148 --- [    Test worker] j.LocalContainerEntityManagerFactoryBean : Initialized JPA EntityManagerFactory for persistence unit 'default'
2021-01-15 16:27:28.612  INFO 16148 --- [    Test worker] o.h.h.i.QueryTranslatorFactoryInitiator  : HHH000397: Using ASTQueryTranslatorFactory
2021-01-15 16:27:28.955  INFO 16148 --- [    Test worker] o.s.s.web.DefaultSecurityFilterChain     : Creating filter chain: any request, [org.springframework.security.web.context.request.async.WebAsyncManagerIntegrationFilter@56c18b21, org.springframework.security.web.context.SecurityContextPersistenceFilter@18c13509, org.springframework.security.web.header.HeaderWriterFilter@3a51dd3b, org.springframework.security.web.authentication.logout.LogoutFilter@ea7ab81, org.springframework.security.oauth2.client.web.OAuth2AuthorizationRequestRedirectFilter@40ecf163, org.springframework.security.oauth2.client.web.OAuth2LoginAuthenticationFilter@1a1ad093, org.springframework.security.web.authentication.ui.DefaultLoginPageGeneratingFilter@1fdfac0e, org.springframework.security.web.authentication.ui.DefaultLogoutPageGeneratingFilter@3cf87b77, org.springframework.security.web.savedrequest.RequestCacheAwareFilter@2185a29c, org.springframework.security.web.servletapi.SecurityContextHolderAwareRequestFilter@15890b92, org.springframework.security.web.authentication.AnonymousAuthenticationFilter@1b38e262, org.springframework.security.web.session.SessionManagementFilter@3c16d954, org.springframework.security.web.access.ExceptionTranslationFilter@2bb249e4, org.springframework.security.web.access.intercept.FilterSecurityInterceptor@3a5a0137]
2021-01-15 16:27:29.367  INFO 16148 --- [    Test worker] o.s.s.concurrent.ThreadPoolTaskExecutor  : Initializing ExecutorService 'applicationTaskExecutor'
2021-01-15 16:27:29.389  WARN 16148 --- [    Test worker] aWebConfiguration$JpaWebMvcConfiguration : spring.jpa.open-in-view is enabled by default. Therefore, database queries may be performed during view rendering. Explicitly configure spring.jpa.open-in-view to disable this warning
2021-01-15 16:27:29.446  INFO 16148 --- [    Test worker] o.s.b.a.w.s.WelcomePageHandlerMapping    : Adding welcome page template: index
2021-01-15 16:27:30.173  INFO 16148 --- [    Test worker] s.a.ScheduledAnnotationBeanPostProcessor : No TaskScheduler/ScheduledExecutorService bean found for scheduled processing
2021-01-15 16:27:30.217  INFO 16148 --- [    Test worker] o.s.b.w.embedded.tomcat.TomcatWebServer  : Tomcat started on port(s): 5173 (http) with context path ''
2021-01-15 16:27:30.219  INFO 16148 --- [    Test worker] c.s.j.s.web.IndexControllerTest          : Started IndexControllerTest in 5.0 seconds (JVM running for 21.417)
2021-01-15 16:27:30.435  INFO 16148 --- [o-auto-1-exec-1] o.a.c.c.C.[Tomcat].[localhost].[/]       : Initializing Spring DispatcherServlet 'dispatcherServlet'
2021-01-15 16:27:30.435  INFO 16148 --- [o-auto-1-exec-1] o.s.web.servlet.DispatcherServlet        : Initializing Servlet 'dispatcherServlet'
2021-01-15 16:27:30.489  INFO 16148 --- [o-auto-1-exec-1] o.s.web.servlet.DispatcherServlet        : Completed initialization in 54 ms
Hibernate: select posts0_.id as id1_0_, posts0_.created_date as created_2_0_, posts0_.modified_date as modified3_0_, posts0_.author as author4_0_, posts0_.content as content5_0_, posts0_.title as title6_0_ from posts posts0_ order by posts0_.id DESC
]]></system-out>
  <system-err><![CDATA[]]></system-err>
</testsuite>
