<?xml version="1.0" encoding="UTF-8"?>
<testsuite name="com.study.juhee.stringboot.web.dto.HelloResponseDtoTest" tests="1" skipped="0" failures="0" errors="0" timestamp="2021-04-22T03:47:11" hostname="DESKTOP-A8361SB" time="0.006">
  <properties/>
  <testcase name="롬복_기능_테스트()" classname="com.study.juhee.stringboot.web.dto.HelloResponseDtoTest" time="0.006"/>
  <system-out><![CDATA[]]></system-out>
  <system-err><![CDATA[]]></system-err>
</testsuite>
