<?xml version="1.0" encoding="UTF-8"?>
<testsuite name="com.study.juhee.stringboot.web.IndexControllerTest" tests="1" skipped="0" failures="0" errors="0" timestamp="2021-04-22T03:47:16" hostname="DESKTOP-A8361SB" time="0.314">
  <properties/>
  <testcase name="메인페이디_로딩()" classname="com.study.juhee.stringboot.web.IndexControllerTest" time="0.314"/>
  <system-out><![CDATA[2021-04-22 12:47:13.409  INFO 9820 --- [    Test worker] .b.t.c.SpringBootTestContextBootstrapper : Neither @ContextConfiguration nor @ContextHierarchy found for test class [com.study.juhee.stringboot.web.IndexControllerTest], using SpringBootContextLoader
2021-04-22 12:47:13.410  INFO 9820 --- [    Test worker] o.s.t.c.support.AbstractContextLoader    : Could not detect default resource locations for test class [com.study.juhee.stringboot.web.IndexControllerTest]: no resource found for suffixes {-context.xml, Context.groovy}.
2021-04-22 12:47:13.411  INFO 9820 --- [    Test worker] t.c.s.AnnotationConfigContextLoaderUtils : Could not detect default configuration classes for test class [com.study.juhee.stringboot.web.IndexControllerTest]: IndexControllerTest does not declare any static, non-private, non-final, nested classes annotated with @Configuration.
2021-04-22 12:47:13.414  INFO 9820 --- [    Test worker] .b.t.c.SpringBootTestContextBootstrapper : Found @SpringBootConfiguration com.study.juhee.stringboot.Application for test class com.study.juhee.stringboot.web.IndexControllerTest
2021-04-22 12:47:13.418  INFO 9820 --- [    Test worker] .b.t.c.SpringBootTestContextBootstrapper : Loaded default TestExecutionListener class names from location [META-INF/spring.factories]: [org.springframework.security.test.context.support.WithSecurityContextTestExecutionListener, org.springframework.security.test.context.support.ReactorContextTestExecutionListener, org.springframework.boot.test.autoconfigure.restdocs.RestDocsTestExecutionListener, org.springframework.boot.test.autoconfigure.web.client.MockRestServiceServerResetTestExecutionListener, org.springframework.boot.test.autoconfigure.web.servlet.MockMvcPrintOnlyOnFailureTestExecutionListener, org.springframework.boot.test.autoconfigure.web.servlet.WebDriverTestExecutionListener, org.springframework.boot.test.autoconfigure.webservices.client.MockWebServiceServerTestExecutionListener, org.springframework.boot.test.mock.mockito.MockitoTestExecutionListener, org.springframework.boot.test.mock.mockito.ResetMocksTestExecutionListener, org.springframework.test.context.web.ServletTestExecutionListener, org.springframework.test.context.support.DirtiesContextBeforeModesTestExecutionListener, org.springframework.test.context.support.DependencyInjectionTestExecutionListener, org.springframework.test.context.support.DirtiesContextTestExecutionListener, org.springframework.test.context.transaction.TransactionalTestExecutionListener, org.springframework.test.context.jdbc.SqlScriptsTestExecutionListener, org.springframework.test.context.event.EventPublishingTestExecutionListener]
2021-04-22 12:47:13.421  INFO 9820 --- [    Test worker] .b.t.c.SpringBootTestContextBootstrapper : Using TestExecutionListeners: [org.springframework.test.context.web.ServletTestExecutionListener@77be413e, org.springframework.test.context.support.DirtiesContextBeforeModesTestExecutionListener@1a9a4eb3, org.springframework.boot.test.mock.mockito.MockitoTestExecutionListener@349f5a94, org.springframework.boot.test.autoconfigure.SpringBootDependencyInjectionTestExecutionListener@5f653661, org.springframework.test.context.support.DirtiesContextTestExecutionListener@5ad72b02, org.springframework.test.context.transaction.TransactionalTestExecutionListener@12f0093d, org.springframework.test.context.jdbc.SqlScriptsTestExecutionListener@5cf5ba0d, org.springframework.security.test.context.support.WithSecurityContextTestExecutionListener@2ad559cc, org.springframework.test.context.event.EventPublishingTestExecutionListener@4939f8af, org.springframework.security.test.context.support.ReactorContextTestExecutionListener@5b12b954, org.springframework.boot.test.autoconfigure.restdocs.RestDocsTestExecutionListener@2ac645e9, org.springframework.boot.test.autoconfigure.web.client.MockRestServiceServerResetTestExecutionListener@2add7244, org.springframework.boot.test.autoconfigure.web.servlet.MockMvcPrintOnlyOnFailureTestExecutionListener@2c271b30, org.springframework.boot.test.autoconfigure.web.servlet.WebDriverTestExecutionListener@6231cff9, org.springframework.boot.test.autoconfigure.webservices.client.MockWebServiceServerTestExecutionListener@7a40275b, org.springframework.boot.test.mock.mockito.ResetMocksTestExecutionListener@3b4e2505]

  .   ____          _            __ _ _
 /\\ / ___'_ __ _ _(_)_ __  __ _ \ \ \ \
( ( )\___ | '_ | '_| | '_ \/ _` | \ \ \ \
 \\/  ___)| |_)| | | | | || (_| |  ) ) ) )
  '  |____| .__|_| |_|_| |_\__, | / / / /
 =========|_|==============|___/=/_/_/_/
 :: Spring Boot ::                (v2.4.1)

2021-04-22 12:47:13.484  INFO 9820 --- [    Test worker] c.s.j.s.web.IndexControllerTest          : Starting IndexControllerTest using Java 1.8.0_252 on DESKTOP-A8361SB with PID 9820 (started by JH in C:\WorkSpace_IJ\study\juhee-study-web01)
2021-04-22 12:47:13.486  INFO 9820 --- [    Test worker] c.s.j.s.web.IndexControllerTest          : No active profile set, falling back to default profiles: default
2021-04-22 12:47:13.893  INFO 9820 --- [    Test worker] .s.d.r.c.RepositoryConfigurationDelegate : Bootstrapping Spring Data JPA repositories in DEFAULT mode.
2021-04-22 12:47:13.939  INFO 9820 --- [    Test worker] .s.d.r.c.RepositoryConfigurationDelegate : Finished Spring Data repository scanning in 46 ms. Found 2 JPA repository interfaces.
2021-04-22 12:47:14.576  INFO 9820 --- [    Test worker] o.s.b.w.embedded.tomcat.TomcatWebServer  : Tomcat initialized with port(s): 0 (http)
2021-04-22 12:47:14.604  INFO 9820 --- [    Test worker] o.apache.catalina.core.StandardService   : Starting service [Tomcat]
2021-04-22 12:47:14.605  INFO 9820 --- [    Test worker] org.apache.catalina.core.StandardEngine  : Starting Servlet engine: [Apache Tomcat/9.0.41]
2021-04-22 12:47:14.829  INFO 9820 --- [    Test worker] o.a.c.c.C.[Tomcat].[localhost].[/]       : Initializing Spring embedded WebApplicationContext
2021-04-22 12:47:14.829  INFO 9820 --- [    Test worker] w.s.c.ServletWebServerApplicationContext : Root WebApplicationContext: initialization completed in 1334 ms
2021-04-22 12:47:15.091  INFO 9820 --- [    Test worker] com.zaxxer.hikari.HikariDataSource       : HikariPool-2 - Starting...
2021-04-22 12:47:15.093  INFO 9820 --- [    Test worker] com.zaxxer.hikari.HikariDataSource       : HikariPool-2 - Start completed.
2021-04-22 12:47:15.157  INFO 9820 --- [    Test worker] o.hibernate.jpa.internal.util.LogHelper  : HHH000204: Processing PersistenceUnitInfo [name: default]
2021-04-22 12:47:15.171  INFO 9820 --- [    Test worker] org.hibernate.dialect.Dialect            : HHH000400: Using dialect: org.hibernate.dialect.MySQL57Dialect
Hibernate: drop table if exists posts
Hibernate: drop table if exists user
Hibernate: create table posts (id bigint not null auto_increment, created_date datetime(6), modified_date datetime(6), author varchar(255), content TEXT not null, title varchar(500) not null, primary key (id)) engine=InnoDB
Hibernate: create table user (id bigint not null auto_increment, created_date datetime(6), modified_date datetime(6), email varchar(255) not null, name varchar(255) not null, picture varchar(255), role varchar(255) not null, primary key (id)) engine=InnoDB
2021-04-22 12:47:15.292  INFO 9820 --- [    Test worker] o.h.e.t.j.p.i.JtaPlatformInitiator       : HHH000490: Using JtaPlatform implementation: [org.hibernate.engine.transaction.jta.platform.internal.NoJtaPlatform]
2021-04-22 12:47:15.292  INFO 9820 --- [    Test worker] j.LocalContainerEntityManagerFactoryBean : Initialized JPA EntityManagerFactory for persistence unit 'default'
2021-04-22 12:47:15.810  WARN 9820 --- [    Test worker] JpaBaseConfiguration$JpaWebConfiguration : spring.jpa.open-in-view is enabled by default. Therefore, database queries may be performed during view rendering. Explicitly configure spring.jpa.open-in-view to disable this warning
2021-04-22 12:47:16.206  INFO 9820 --- [    Test worker] o.s.s.web.DefaultSecurityFilterChain     : Will secure any request with [org.springframework.security.web.context.request.async.WebAsyncManagerIntegrationFilter@88ec2f1, org.springframework.security.web.context.SecurityContextPersistenceFilter@198e7730, org.springframework.security.web.header.HeaderWriterFilter@46bbedcc, org.springframework.security.web.authentication.logout.LogoutFilter@694992e5, org.springframework.security.oauth2.client.web.OAuth2AuthorizationRequestRedirectFilter@28e4c294, org.springframework.security.oauth2.client.web.OAuth2LoginAuthenticationFilter@718767fb, org.springframework.security.web.authentication.ui.DefaultLoginPageGeneratingFilter@17173c29, org.springframework.security.web.authentication.ui.DefaultLogoutPageGeneratingFilter@7af43778, org.springframework.security.web.savedrequest.RequestCacheAwareFilter@22b6d434, org.springframework.security.web.servletapi.SecurityContextHolderAwareRequestFilter@3b7a9823, org.springframework.security.web.authentication.AnonymousAuthenticationFilter@748aaad0, org.springframework.security.web.session.SessionManagementFilter@2291ca17, org.springframework.security.web.access.ExceptionTranslationFilter@671b9316, org.springframework.security.web.access.intercept.FilterSecurityInterceptor@2cebdc64]
2021-04-22 12:47:16.452  INFO 9820 --- [    Test worker] o.s.s.concurrent.ThreadPoolTaskExecutor  : Initializing ExecutorService 'applicationTaskExecutor'
2021-04-22 12:47:16.525  INFO 9820 --- [    Test worker] o.s.b.a.w.s.WelcomePageHandlerMapping    : Adding welcome page template: index
2021-04-22 12:47:16.978  INFO 9820 --- [    Test worker] o.s.b.w.embedded.tomcat.TomcatWebServer  : Tomcat started on port(s): 9687 (http) with context path ''
2021-04-22 12:47:16.987  INFO 9820 --- [    Test worker] s.a.ScheduledAnnotationBeanPostProcessor : No TaskScheduler/ScheduledExecutorService bean found for scheduled processing
2021-04-22 12:47:16.988  INFO 9820 --- [    Test worker] c.s.j.s.web.IndexControllerTest          : Started IndexControllerTest in 3.563 seconds (JVM running for 22.293)
2021-04-22 12:47:17.189  INFO 9820 --- [o-auto-1-exec-1] o.a.c.c.C.[Tomcat].[localhost].[/]       : Initializing Spring DispatcherServlet 'dispatcherServlet'
2021-04-22 12:47:17.189  INFO 9820 --- [o-auto-1-exec-1] o.s.web.servlet.DispatcherServlet        : Initializing Servlet 'dispatcherServlet'
2021-04-22 12:47:17.192  INFO 9820 --- [o-auto-1-exec-1] o.s.web.servlet.DispatcherServlet        : Completed initialization in 3 ms
]]></system-out>
  <system-err><![CDATA[]]></system-err>
</testsuite>
